<?xml version="1.0" encoding="UTF-8"?>
<testng-results skipped="0" failed="0" ignored="0" total="1" passed="1">
  <reporter-output>
  </reporter-output>
  <suite name="Suite" duration-ms="23501" started-at="2019-02-12T05:04:19Z" finished-at="2019-02-12T05:04:43Z">
    <groups>
    </groups>
    <test name="Test" duration-ms="23501" started-at="2019-02-12T05:04:19Z" finished-at="2019-02-12T05:04:43Z">
      <class name="com.selenim.project.GoogleTest">
        <test-method status="PASS" signature="testGoogle()[pri:0, instance:com.selenim.project.GoogleTest@246ae04d]" name="testGoogle" duration-ms="23465" started-at="2019-02-12T05:04:19Z" finished-at="2019-02-12T05:04:43Z">
          <reporter-output>
          </reporter-output>
        </test-method> <!-- testGoogle -->
      </class> <!-- com.selenim.project.GoogleTest -->
    </test> <!-- Test -->
  </suite> <!-- Suite -->
</testng-results>
